0 info it worked if it ends with ok
1 verbose cli [ 'C:\\Program Files\\nodejs\\node.exe',
1 verbose cli   'C:\\Program Files\\nodejs\\node_modules\\npm\\bin\\npm-cli.js',
1 verbose cli   'run',
1 verbose cli   'server' ]
2 info using npm@3.10.10
3 info using node@v6.11.0
4 verbose run-script [ 'preserver', 'server', 'postserver' ]
5 info lifecycle mern@1.0.0~preserver: mern@1.0.0
6 silly lifecycle mern@1.0.0~preserver: no script for preserver, continuing
7 info lifecycle mern@1.0.0~server: mern@1.0.0
8 verbose lifecycle mern@1.0.0~server: unsafe-perm in lifecycle true
9 verbose lifecycle mern@1.0.0~server: PATH: C:\Program Files\nodejs\node_modules\npm\bin\node-gyp-bin;C:\Users\Ritter Gustave\Desktop\RL_FINAL_Project\node_modules\.bin;C:\Users\Ritter Gustave\Desktop\RL_FINAL_Project\node_modules\.bin;C:\Users\Ritter Gustave\AppData\Local\Yarn\config\link\node_modules\.bin;C:\Users\Ritter Gustave\Desktop\RL_FINAL_Project\node_modules\.bin;C:\Users\Ritter Gustave\AppData\Local\Yarn\config\link\node_modules\.bin;C:\Users\Ritter Gustave\AppData\Local\Yarn\bin;C:\Program Files\lib\node_modules\npm\bin\node-gyp-bin;C:\Program Files\nodejs\node_modules\npm\bin\node-gyp-bin;C:\Program Files\cmder\bin;C:\Program Files\cmder\vendor\conemu-maximus5\ConEmu\Scripts;C:\Program Files\cmder\vendor\conemu-maximus5;C:\Program Files\cmder\vendor\conemu-maximus5\ConEmu;C:\Program Files\Microsoft MPI\Bin\;C:\Program Files (x86)\Razer Chroma SDK\bin;C:\Program Files\Razer Chroma SDK\bin;C:\Windows\system32;C:\Windows;C:\Windows\System32\Wbem;C:\Windows\System32\WindowsPowerShell\v1.0\;C:\WINDOWS\system32;C:\WINDOWS;C:\WINDOWS\System32\Wbem;C:\WINDOWS\System32\WindowsPowerShell\v1.0\;C:\Program Files (x86)\Skype\Phone\;C:\Program Files\nodejs\;C:\Program Files (x86)\NVIDIA Corporation\PhysX\Common;C:\Program Files\dotnet\;C:\Program Files\Microsoft SQL Server\130\Tools\Binn\;C:\Program Files\Git\cmd;C:\Program Files (x86)\GtkSharp\2.12\bin;C:\Users\Ritter Gustave\AppData\Local\Microsoft\WindowsApps;C:\Users\Ritter Gustave\AppData\Roaming\npm;C:\Users\Ritter Gustave\AppData\Local\atom\bin;C:\Program Files\Git\usr\bin;C:\Program Files\Git\usr\share\vim\vim74;C:\Program Files\cmder\
10 verbose lifecycle mern@1.0.0~server: CWD: C:\Users\Ritter Gustave\Desktop\RL_FINAL_Project
11 silly lifecycle mern@1.0.0~server: Args: [ '/d /s /c', 'node server.js' ]
12 silly lifecycle mern@1.0.0~server: Returned: code: 1  signal: null
13 info lifecycle mern@1.0.0~server: Failed to exec server script
14 verbose stack Error: mern@1.0.0 server: `node server.js`
14 verbose stack Exit status 1
14 verbose stack     at EventEmitter.<anonymous> (C:\Program Files\nodejs\node_modules\npm\lib\utils\lifecycle.js:255:16)
14 verbose stack     at emitTwo (events.js:106:13)
14 verbose stack     at EventEmitter.emit (events.js:191:7)
14 verbose stack     at ChildProcess.<anonymous> (C:\Program Files\nodejs\node_modules\npm\lib\utils\spawn.js:40:14)
14 verbose stack     at emitTwo (events.js:106:13)
14 verbose stack     at ChildProcess.emit (events.js:191:7)
14 verbose stack     at maybeClose (internal/child_process.js:891:16)
14 verbose stack     at Process.ChildProcess._handle.onexit (internal/child_process.js:226:5)
15 verbose pkgid mern@1.0.0
16 verbose cwd C:\Users\Ritter Gustave\Desktop\RL_FINAL_Project
17 error Windows_NT 10.0.15063
18 error argv "C:\\Program Files\\nodejs\\node.exe" "C:\\Program Files\\nodejs\\node_modules\\npm\\bin\\npm-cli.js" "run" "server"
19 error node v6.11.0
20 error npm  v3.10.10
21 error code ELIFECYCLE
22 error mern@1.0.0 server: `node server.js`
22 error Exit status 1
23 error Failed at the mern@1.0.0 server script 'node server.js'.
23 error Make sure you have the latest version of node.js and npm installed.
23 error If you do, this is most likely a problem with the mern package,
23 error not with npm itself.
23 error Tell the author that this fails on your system:
23 error     node server.js
23 error You can get information on how to open an issue for this project with:
23 error     npm bugs mern
23 error Or if that isn't available, you can get their info via:
23 error     npm owner ls mern
23 error There is likely additional logging output above.
24 verbose exit [ 1, true ]
